# JRE version: OpenJDK Runtime Environment (8.0_152-b02) (build 1.8.0_152-release-1024-b02)
# Java VM: OpenJDK 64-Bit Server VM (25.152-b02 mixed mode windows-amd64 compressed oops)
Heap:
 PSYoungGen      total 88576K, used 54759K [0x00000000e0000000, 0x00000000e8300000, 0x0000000100000000)
  eden space 77312K, 70% used [0x00000000e0000000,0x00000000e3579f10,0x00000000e4b80000)
  from space 11264K, 0% used [0x00000000e4b80000,0x00000000e4b80000,0x00000000e5680000)
  to   space 11776K, 0% used [0x00000000e7780000,0x00000000e7780000,0x00000000e8300000)
 ParOldGen       total 60416K, used 14979K [0x00000000a0000000, 0x00000000a3b00000, 0x00000000e0000000)
  object space 60416K, 24% used [0x00000000a0000000,0x00000000a0ea0c98,0x00000000a3b00000)
 Metaspace       used 37430K, capacity 38076K, committed 38144K, reserved 1085440K
  class space    used 5109K, capacity 5332K, committed 5376K, reserved 1048576K
GC Heap History (10 events):
Event: 3.997 GC heap before
{Heap before GC invocations=7 (full 1):
 PSYoungGen      total 38400K, used 33280K [0x00000000e0000000, 0x00000000e5500000, 0x0000000100000000)
  eden space 33280K, 100% used [0x00000000e0000000,0x00000000e2080000,0x00000000e2080000)
  from space 5120K, 0% used [0x00000000e2080000,0x00000000e2080000,0x00000000e2580000)
  to   space 10240K, 0% used [0x00000000e4b00000,0x00000000e4b00000,0x00000000e5500000)
 ParOldGen       total 60416K, used 8061K [0x00000000a0000000, 0x00000000a3b00000, 0x00000000e0000000)
  object space 60416K, 13% used [0x00000000a0000000,0x00000000a07df5d8,0x00000000a3b00000)
 Metaspace       used 24185K, capacity 24576K, committed 24832K, reserved 1071104K
  class space    used 3342K, capacity 3495K, committed 3584K, reserved 1048576K
Event: 4.005 GC heap after
Heap after GC invocations=7 (full 1):
 PSYoungGen      total 55808K, used 3941K [0x00000000e0000000, 0x00000000e4f00000, 0x0000000100000000)
  eden space 51712K, 0% used [0x00000000e0000000,0x00000000e0000000,0x00000000e3280000)
  from space 4096K, 96% used [0x00000000e4b00000,0x00000000e4ed9470,0x00000000e4f00000)
  to   space 10240K, 0% used [0x00000000e3b00000,0x00000000e3b00000,0x00000000e4500000)
 ParOldGen       total 60416K, used 8069K [0x00000000a0000000, 0x00000000a3b00000, 0x00000000e0000000)
  object space 60416K, 13% used [0x00000000a0000000,0x00000000a07e15d8,0x00000000a3b00000)
 Metaspace       used 24185K, capacity 24576K, committed 24832K, reserved 1071104K
  class space    used 3342K, capacity 3495K, committed 3584K, reserved 1048576K
}
Event: 4.855 GC heap before
{Heap before GC invocations=8 (full 1):
 PSYoungGen      total 55808K, used 55653K [0x00000000e0000000, 0x00000000e4f00000, 0x0000000100000000)
  eden space 51712K, 100% used [0x00000000e0000000,0x00000000e3280000,0x00000000e3280000)
  from space 4096K, 96% used [0x00000000e4b00000,0x00000000e4ed9470,0x00000000e4f00000)
  to   space 10240K, 0% used [0x00000000e3b00000,0x00000000e3b00000,0x00000000e4500000)
 ParOldGen       total 60416K, used 8069K [0x00000000a0000000, 0x00000000a3b00000, 0x00000000e0000000)
  object space 60416K, 13% used [0x00000000a0000000,0x00000000a07e15d8,0x00000000a3b00000)
 Metaspace       used 27608K, capacity 28032K, committed 28160K, reserved 1073152K
  class space    used 3857K, capacity 4025K, committed 4096K, reserved 1048576K
Event: 4.865 GC heap after
Heap after GC invocations=8 (full 1):
 PSYoungGen      total 70656K, used 6558K [0x00000000e0000000, 0x00000000e6000000, 0x0000000100000000)
  eden space 60416K, 0% used [0x00000000e0000000,0x00000000e0000000,0x00000000e3b00000)
  from space 10240K, 64% used [0x00000000e3b00000,0x00000000e4167ac8,0x00000000e4500000)
  to   space 9728K, 0% used [0x00000000e5680000,0x00000000e5680000,0x00000000e6000000)
 ParOldGen       total 60416K, used 8077K [0x00000000a0000000, 0x00000000a3b00000, 0x00000000e0000000)
  object space 60416K, 13% used [0x00000000a0000000,0x00000000a07e35d8,0x00000000a3b00000)
 Metaspace       used 27608K, capacity 28032K, committed 28160K, reserved 1073152K
  class space    used 3857K, capacity 4025K, committed 4096K, reserved 1048576K
}
Event: 6.308 GC heap before
{Heap before GC invocations=9 (full 1):
 PSYoungGen      total 70656K, used 66974K [0x00000000e0000000, 0x00000000e6000000, 0x0000000100000000)
  eden space 60416K, 100% used [0x00000000e0000000,0x00000000e3b00000,0x00000000e3b00000)
  from space 10240K, 64% used [0x00000000e3b00000,0x00000000e4167ac8,0x00000000e4500000)
  to   space 9728K, 0% used [0x00000000e5680000,0x00000000e5680000,0x00000000e6000000)
 ParOldGen       total 60416K, used 8077K [0x00000000a0000000, 0x00000000a3b00000, 0x00000000e0000000)
  object space 60416K, 13% used [0x00000000a0000000,0x00000000a07e35d8,0x00000000a3b00000)
 Metaspace       used 33091K, capacity 33750K, committed 33792K, reserved 1079296K
  class space    used 4601K, capacity 4829K, committed 4864K, reserved 1048576K
Event: 6.320 GC heap after
Heap after GC invocations=9 (full 1):
 PSYoungGen      total 87040K, used 9712K [0x00000000e0000000, 0x00000000e6e00000, 0x0000000100000000)
  eden space 77312K, 0% used [0x00000000e0000000,0x00000000e0000000,0x00000000e4b80000)
  from space 9728K, 99% used [0x00000000e5680000,0x00000000e5ffc328,0x00000000e6000000)
  to   space 11264K, 0% used [0x00000000e4b80000,0x00000000e4b80000,0x00000000e5680000)
 ParOldGen       total 60416K, used 8878K [0x00000000a0000000, 0x00000000a3b00000, 0x00000000e0000000)
  object space 60416K, 14% used [0x00000000a0000000,0x00000000a08abae0,0x00000000a3b00000)
 Metaspace       used 33091K, capacity 33750K, committed 33792K, reserved 1079296K
  class space    used 4601K, capacity 4829K, committed 4864K, reserved 1048576K
}
Event: 6.496 GC heap before
{Heap before GC invocations=10 (full 1):
 PSYoungGen      total 87040K, used 22226K [0x00000000e0000000, 0x00000000e6e00000, 0x0000000100000000)
  eden space 77312K, 16% used [0x00000000e0000000,0x00000000e0c388a0,0x00000000e4b80000)
  from space 9728K, 99% used [0x00000000e5680000,0x00000000e5ffc328,0x00000000e6000000)
  to   space 11264K, 0% used [0x00000000e4b80000,0x00000000e4b80000,0x00000000e5680000)
 ParOldGen       total 60416K, used 8878K [0x00000000a0000000, 0x00000000a3b00000, 0x00000000e0000000)
  object space 60416K, 14% used [0x00000000a0000000,0x00000000a08abae0,0x00000000a3b00000)
 Metaspace       used 34643K, capacity 35246K, committed 35416K, reserved 1079296K
  class space    used 4771K, capacity 4967K, committed 4992K, reserved 1048576K
Event: 6.517 GC heap after
Heap after GC invocations=10 (full 1):
 PSYoungGen      total 88576K, used 8281K [0x00000000e0000000, 0x00000000e8300000, 0x0000000100000000)
  eden space 77312K, 0% used [0x00000000e0000000,0x00000000e0000000,0x00000000e4b80000)
  from space 11264K, 73% used [0x00000000e4b80000,0x00000000e5396490,0x00000000e5680000)
  to   space 11776K, 0% used [0x00000000e7780000,0x00000000e7780000,0x00000000e8300000)
 ParOldGen       total 60416K, used 8886K [0x00000000a0000000, 0x00000000a3b00000, 0x00000000e0000000)
  object space 60416K, 14% used [0x00000000a0000000,0x00000000a08adae0,0x00000000a3b00000)
 Metaspace       used 34643K, capacity 35246K, committed 35416K, reserved 1079296K
  class space    used 4771K, capacity 4967K, committed 4992K, reserved 1048576K
}
Event: 6.517 GC heap before
{Heap before GC invocations=11 (full 2):
 PSYoungGen      total 88576K, used 8281K [0x00000000e0000000, 0x00000000e8300000, 0x0000000100000000)
  eden space 77312K, 0% used [0x00000000e0000000,0x00000000e0000000,0x00000000e4b80000)
  from space 11264K, 73% used [0x00000000e4b80000,0x00000000e5396490,0x00000000e5680000)
  to   space 11776K, 0% used [0x00000000e7780000,0x00000000e7780000,0x00000000e8300000)
 ParOldGen       total 60416K, used 8886K [0x00000000a0000000, 0x00000000a3b00000, 0x00000000e0000000)
  object space 60416K, 14% used [0x00000000a0000000,0x00000000a08adae0,0x00000000a3b00000)
 Metaspace       used 34643K, capacity 35246K, committed 35416K, reserved 1079296K
  class space    used 4771K, capacity 4967K, committed 4992K, reserved 1048576K
Event: 6.748 GC heap after
Heap after GC invocations=11 (full 2):
 PSYoungGen      total 88576K, used 0K [0x00000000e0000000, 0x00000000e8300000, 0x0000000100000000)
  eden space 77312K, 0% used [0x00000000e0000000,0x00000000e0000000,0x00000000e4b80000)
  from space 11264K, 0% used [0x00000000e4b80000,0x00000000e4b80000,0x00000000e5680000)
  to   space 11776K, 0% used [0x00000000e7780000,0x00000000e7780000,0x00000000e8300000)
 ParOldGen       total 60416K, used 14979K [0x00000000a0000000, 0x00000000a3b00000, 0x00000000e0000000)
  object space 60416K, 24% used [0x00000000a0000000,0x00000000a0ea0c98,0x00000000a3b00000)
 Metaspace       used 34643K, capacity 35246K, committed 35416K, reserved 1079296K
  class space    used 4771K, capacity 4967K, committed 4992K, reserved 1048576K
}

