# JRE version: OpenJDK Runtime Environment (8.0_152-b02) (build 1.8.0_152-release-1024-b02)
# Java VM: OpenJDK 64-Bit Server VM (25.152-b02 mixed mode windows-amd64 compressed oops)
Heap:
 PSYoungGen      total 107008K, used 31559K [0x00000000e0000000, 0x00000000e7480000, 0x0000000100000000)
  eden space 95232K, 22% used [0x00000000e0000000,0x00000000e14a81c0,0x00000000e5d00000)
  from space 11776K, 88% used [0x00000000e5d00000,0x00000000e6729d08,0x00000000e6880000)
  to   space 10752K, 0% used [0x00000000e6880000,0x00000000e6880000,0x00000000e7300000)
 ParOldGen       total 88576K, used 16407K [0x00000000a0000000, 0x00000000a5680000, 0x00000000e0000000)
  object space 88576K, 18% used [0x00000000a0000000,0x00000000a1005ff0,0x00000000a5680000)
 Metaspace       used 41439K, capacity 42316K, committed 42624K, reserved 1085440K
  class space    used 5635K, capacity 5901K, committed 6016K, reserved 1048576K
GC Heap History (10 events):
Event: 5.270 GC heap before
{Heap before GC invocations=7 (full 1):
 PSYoungGen      total 71680K, used 66560K [0x00000000e0000000, 0x00000000e4b00000, 0x0000000100000000)
  eden space 66560K, 100% used [0x00000000e0000000,0x00000000e4100000,0x00000000e4100000)
  from space 5120K, 0% used [0x00000000e4100000,0x00000000e4100000,0x00000000e4600000)
  to   space 5120K, 0% used [0x00000000e4600000,0x00000000e4600000,0x00000000e4b00000)
 ParOldGen       total 56832K, used 7932K [0x00000000a0000000, 0x00000000a3780000, 0x00000000e0000000)
  object space 56832K, 13% used [0x00000000a0000000,0x00000000a07bf268,0x00000000a3780000)
 Metaspace       used 26570K, capacity 27066K, committed 27136K, reserved 1073152K
  class space    used 3663K, capacity 3831K, committed 3840K, reserved 1048576K
Event: 5.280 GC heap after
Heap after GC invocations=7 (full 1):
 PSYoungGen      total 66560K, used 5112K [0x00000000e0000000, 0x00000000e7d00000, 0x0000000100000000)
  eden space 61440K, 0% used [0x00000000e0000000,0x00000000e0000000,0x00000000e3c00000)
  from space 5120K, 99% used [0x00000000e4600000,0x00000000e4afe238,0x00000000e4b00000)
  to   space 10240K, 0% used [0x00000000e3c00000,0x00000000e3c00000,0x00000000e4600000)
 ParOldGen       total 56832K, used 10532K [0x00000000a0000000, 0x00000000a3780000, 0x00000000e0000000)
  object space 56832K, 18% used [0x00000000a0000000,0x00000000a0a49298,0x00000000a3780000)
 Metaspace       used 26570K, capacity 27066K, committed 27136K, reserved 1073152K
  class space    used 3663K, capacity 3831K, committed 3840K, reserved 1048576K
}
Event: 7.377 GC heap before
{Heap before GC invocations=8 (full 1):
 PSYoungGen      total 66560K, used 66323K [0x00000000e0000000, 0x00000000e7d00000, 0x0000000100000000)
  eden space 61440K, 99% used [0x00000000e0000000,0x00000000e3bc6b28,0x00000000e3c00000)
  from space 5120K, 99% used [0x00000000e4600000,0x00000000e4afe238,0x00000000e4b00000)
  to   space 10240K, 0% used [0x00000000e3c00000,0x00000000e3c00000,0x00000000e4600000)
 ParOldGen       total 56832K, used 10532K [0x00000000a0000000, 0x00000000a3780000, 0x00000000e0000000)
  object space 56832K, 18% used [0x00000000a0000000,0x00000000a0a49298,0x00000000a3780000)
 Metaspace       used 29960K, capacity 30430K, committed 30592K, reserved 1075200K
  class space    used 4189K, capacity 4354K, committed 4480K, reserved 1048576K
Event: 7.387 GC heap after
Heap after GC invocations=8 (full 1):
 PSYoungGen      total 71680K, used 9244K [0x00000000e0000000, 0x00000000e7300000, 0x0000000100000000)
  eden space 61440K, 0% used [0x00000000e0000000,0x00000000e0000000,0x00000000e3c00000)
  from space 10240K, 90% used [0x00000000e3c00000,0x00000000e4507368,0x00000000e4600000)
  to   space 10752K, 0% used [0x00000000e6880000,0x00000000e6880000,0x00000000e7300000)
 ParOldGen       total 56832K, used 10540K [0x00000000a0000000, 0x00000000a3780000, 0x00000000e0000000)
  object space 56832K, 18% used [0x00000000a0000000,0x00000000a0a4b298,0x00000000a3780000)
 Metaspace       used 29960K, capacity 30430K, committed 30592K, reserved 1075200K
  class space    used 4189K, capacity 4354K, committed 4480K, reserved 1048576K
}
Event: 8.087 GC heap before
{Heap before GC invocations=9 (full 1):
 PSYoungGen      total 71680K, used 38905K [0x00000000e0000000, 0x00000000e7300000, 0x0000000100000000)
  eden space 61440K, 48% used [0x00000000e0000000,0x00000000e1cf7390,0x00000000e3c00000)
  from space 10240K, 90% used [0x00000000e3c00000,0x00000000e4507368,0x00000000e4600000)
  to   space 10752K, 0% used [0x00000000e6880000,0x00000000e6880000,0x00000000e7300000)
 ParOldGen       total 56832K, used 10540K [0x00000000a0000000, 0x00000000a3780000, 0x00000000e0000000)
  object space 56832K, 18% used [0x00000000a0000000,0x00000000a0a4b298,0x00000000a3780000)
 Metaspace       used 34668K, capacity 35182K, committed 35416K, reserved 1079296K
  class space    used 4772K, capacity 4967K, committed 4992K, reserved 1048576K
Event: 8.097 GC heap after
Heap after GC invocations=9 (full 1):
 PSYoungGen      total 105984K, used 9940K [0x00000000e0000000, 0x00000000e7480000, 0x0000000100000000)
  eden space 95232K, 0% used [0x00000000e0000000,0x00000000e0000000,0x00000000e5d00000)
  from space 10752K, 92% used [0x00000000e6880000,0x00000000e7235300,0x00000000e7300000)
  to   space 11776K, 0% used [0x00000000e5d00000,0x00000000e5d00000,0x00000000e6880000)
 ParOldGen       total 56832K, used 10548K [0x00000000a0000000, 0x00000000a3780000, 0x00000000e0000000)
  object space 56832K, 18% used [0x00000000a0000000,0x00000000a0a4d298,0x00000000a3780000)
 Metaspace       used 34668K, capacity 35182K, committed 35416K, reserved 1079296K
  class space    used 4772K, capacity 4967K, committed 4992K, reserved 1048576K
}
Event: 8.097 GC heap before
{Heap before GC invocations=10 (full 2):
 PSYoungGen      total 105984K, used 9940K [0x00000000e0000000, 0x00000000e7480000, 0x0000000100000000)
  eden space 95232K, 0% used [0x00000000e0000000,0x00000000e0000000,0x00000000e5d00000)
  from space 10752K, 92% used [0x00000000e6880000,0x00000000e7235300,0x00000000e7300000)
  to   space 11776K, 0% used [0x00000000e5d00000,0x00000000e5d00000,0x00000000e6880000)
 ParOldGen       total 56832K, used 10548K [0x00000000a0000000, 0x00000000a3780000, 0x00000000e0000000)
  object space 56832K, 18% used [0x00000000a0000000,0x00000000a0a4d298,0x00000000a3780000)
 Metaspace       used 34668K, capacity 35182K, committed 35416K, reserved 1079296K
  class space    used 4772K, capacity 4967K, committed 4992K, reserved 1048576K
Event: 8.185 GC heap after
Heap after GC invocations=10 (full 2):
 PSYoungGen      total 105984K, used 0K [0x00000000e0000000, 0x00000000e7480000, 0x0000000100000000)
  eden space 95232K, 0% used [0x00000000e0000000,0x00000000e0000000,0x00000000e5d00000)
  from space 10752K, 0% used [0x00000000e6880000,0x00000000e6880000,0x00000000e7300000)
  to   space 11776K, 0% used [0x00000000e5d00000,0x00000000e5d00000,0x00000000e6880000)
 ParOldGen       total 88576K, used 16399K [0x00000000a0000000, 0x00000000a5680000, 0x00000000e0000000)
  object space 88576K, 18% used [0x00000000a0000000,0x00000000a1003ff0,0x00000000a5680000)
 Metaspace       used 34668K, capacity 35182K, committed 35416K, reserved 1079296K
  class space    used 4772K, capacity 4967K, committed 4992K, reserved 1048576K
}
Event: 9.545 GC heap before
{Heap before GC invocations=11 (full 2):
 PSYoungGen      total 105984K, used 95232K [0x00000000e0000000, 0x00000000e7480000, 0x0000000100000000)
  eden space 95232K, 100% used [0x00000000e0000000,0x00000000e5d00000,0x00000000e5d00000)
  from space 10752K, 0% used [0x00000000e6880000,0x00000000e6880000,0x00000000e7300000)
  to   space 11776K, 0% used [0x00000000e5d00000,0x00000000e5d00000,0x00000000e6880000)
 ParOldGen       total 88576K, used 16399K [0x00000000a0000000, 0x00000000a5680000, 0x00000000e0000000)
  object space 88576K, 18% used [0x00000000a0000000,0x00000000a1003ff0,0x00000000a5680000)
 Metaspace       used 40748K, capacity 41518K, committed 41728K, reserved 1085440K
  class space    used 5514K, capacity 5765K, committed 5888K, reserved 1048576K
Event: 9.558 GC heap after
Heap after GC invocations=11 (full 2):
 PSYoungGen      total 107008K, used 10407K [0x00000000e0000000, 0x00000000e7480000, 0x0000000100000000)
  eden space 95232K, 0% used [0x00000000e0000000,0x00000000e0000000,0x00000000e5d00000)
  from space 11776K, 88% used [0x00000000e5d00000,0x00000000e6729d08,0x00000000e6880000)
  to   space 10752K, 0% used [0x00000000e6880000,0x00000000e6880000,0x00000000e7300000)
 ParOldGen       total 88576K, used 16407K [0x00000000a0000000, 0x00000000a5680000, 0x00000000e0000000)
  object space 88576K, 18% used [0x00000000a0000000,0x00000000a1005ff0,0x00000000a5680000)
 Metaspace       used 40748K, capacity 41518K, committed 41728K, reserved 1085440K
  class space    used 5514K, capacity 5765K, committed 5888K, reserved 1048576K
}

