# JRE version: OpenJDK Runtime Environment (8.0_152-b02) (build 1.8.0_152-release-1024-b02)
# Java VM: OpenJDK 64-Bit Server VM (25.152-b02 mixed mode windows-amd64 compressed oops)
Heap:
 PSYoungGen      total 105472K, used 55962K [0x00000000e0000000, 0x00000000e7500000, 0x0000000100000000)
  eden space 94720K, 59% used [0x00000000e0000000,0x00000000e36a6b30,0x00000000e5c80000)
  from space 10752K, 0% used [0x00000000e6800000,0x00000000e6800000,0x00000000e7280000)
  to   space 11776K, 0% used [0x00000000e5c80000,0x00000000e5c80000,0x00000000e6800000)
 ParOldGen       total 92672K, used 16424K [0x00000000a0000000, 0x00000000a5a80000, 0x00000000e0000000)
  object space 92672K, 17% used [0x00000000a0000000,0x00000000a100a280,0x00000000a5a80000)
 Metaspace       used 37937K, capacity 38588K, committed 38784K, reserved 1083392K
  class space    used 5168K, capacity 5396K, committed 5504K, reserved 1048576K
GC Heap History (10 events):
Event: 3.804 GC heap before
{Heap before GC invocations=6 (full 1):
 PSYoungGen      total 71680K, used 5088K [0x00000000e0000000, 0x00000000e4b00000, 0x0000000100000000)
  eden space 66560K, 0% used [0x00000000e0000000,0x00000000e0000000,0x00000000e4100000)
  from space 5120K, 99% used [0x00000000e4100000,0x00000000e45f8030,0x00000000e4600000)
  to   space 5120K, 0% used [0x00000000e4600000,0x00000000e4600000,0x00000000e4b00000)
 ParOldGen       total 87552K, used 8273K [0x00000000a0000000, 0x00000000a5580000, 0x00000000e0000000)
  object space 87552K, 9% used [0x00000000a0000000,0x00000000a08144a8,0x00000000a5580000)
 Metaspace       used 20849K, capacity 21200K, committed 21248K, reserved 1067008K
  class space    used 2908K, capacity 3038K, committed 3072K, reserved 1048576K
Event: 3.851 GC heap after
Heap after GC invocations=6 (full 1):
 PSYoungGen      total 71680K, used 0K [0x00000000e0000000, 0x00000000e4b00000, 0x0000000100000000)
  eden space 66560K, 0% used [0x00000000e0000000,0x00000000e0000000,0x00000000e4100000)
  from space 5120K, 0% used [0x00000000e4100000,0x00000000e4100000,0x00000000e4600000)
  to   space 5120K, 0% used [0x00000000e4600000,0x00000000e4600000,0x00000000e4b00000)
 ParOldGen       total 58368K, used 8050K [0x00000000a0000000, 0x00000000a3900000, 0x00000000e0000000)
  object space 58368K, 13% used [0x00000000a0000000,0x00000000a07dc998,0x00000000a3900000)
 Metaspace       used 20849K, capacity 21200K, committed 21248K, reserved 1067008K
  class space    used 2908K, capacity 3038K, committed 3072K, reserved 1048576K
}
Event: 4.929 GC heap before
{Heap before GC invocations=7 (full 1):
 PSYoungGen      total 71680K, used 66560K [0x00000000e0000000, 0x00000000e4b00000, 0x0000000100000000)
  eden space 66560K, 100% used [0x00000000e0000000,0x00000000e4100000,0x00000000e4100000)
  from space 5120K, 0% used [0x00000000e4100000,0x00000000e4100000,0x00000000e4600000)
  to   space 5120K, 0% used [0x00000000e4600000,0x00000000e4600000,0x00000000e4b00000)
 ParOldGen       total 58368K, used 8050K [0x00000000a0000000, 0x00000000a3900000, 0x00000000e0000000)
  object space 58368K, 13% used [0x00000000a0000000,0x00000000a07dc998,0x00000000a3900000)
 Metaspace       used 26562K, capacity 27002K, committed 27136K, reserved 1073152K
  class space    used 3663K, capacity 3831K, committed 3840K, reserved 1048576K
Event: 4.940 GC heap after
Heap after GC invocations=7 (full 1):
 PSYoungGen      total 66560K, used 5091K [0x00000000e0000000, 0x00000000e7c00000, 0x0000000100000000)
  eden space 61440K, 0% used [0x00000000e0000000,0x00000000e0000000,0x00000000e3c00000)
  from space 5120K, 99% used [0x00000000e4600000,0x00000000e4af8d78,0x00000000e4b00000)
  to   space 10240K, 0% used [0x00000000e3c00000,0x00000000e3c00000,0x00000000e4600000)
 ParOldGen       total 58368K, used 10426K [0x00000000a0000000, 0x00000000a3900000, 0x00000000e0000000)
  object space 58368K, 17% used [0x00000000a0000000,0x00000000a0a2e8d0,0x00000000a3900000)
 Metaspace       used 26562K, capacity 27002K, committed 27136K, reserved 1073152K
  class space    used 3663K, capacity 3831K, committed 3840K, reserved 1048576K
}
Event: 6.335 GC heap before
{Heap before GC invocations=8 (full 1):
 PSYoungGen      total 66560K, used 66531K [0x00000000e0000000, 0x00000000e7c00000, 0x0000000100000000)
  eden space 61440K, 100% used [0x00000000e0000000,0x00000000e3c00000,0x00000000e3c00000)
  from space 5120K, 99% used [0x00000000e4600000,0x00000000e4af8d78,0x00000000e4b00000)
  to   space 10240K, 0% used [0x00000000e3c00000,0x00000000e3c00000,0x00000000e4600000)
 ParOldGen       total 58368K, used 10426K [0x00000000a0000000, 0x00000000a3900000, 0x00000000e0000000)
  object space 58368K, 17% used [0x00000000a0000000,0x00000000a0a2e8d0,0x00000000a3900000)
 Metaspace       used 29984K, capacity 30430K, committed 30592K, reserved 1075200K
  class space    used 4189K, capacity 4354K, committed 4480K, reserved 1048576K
Event: 6.346 GC heap after
Heap after GC invocations=8 (full 1):
 PSYoungGen      total 71680K, used 8815K [0x00000000e0000000, 0x00000000e7280000, 0x0000000100000000)
  eden space 61440K, 0% used [0x00000000e0000000,0x00000000e0000000,0x00000000e3c00000)
  from space 10240K, 86% used [0x00000000e3c00000,0x00000000e449beb0,0x00000000e4600000)
  to   space 10752K, 0% used [0x00000000e6800000,0x00000000e6800000,0x00000000e7280000)
 ParOldGen       total 58368K, used 10426K [0x00000000a0000000, 0x00000000a3900000, 0x00000000e0000000)
  object space 58368K, 17% used [0x00000000a0000000,0x00000000a0a2e8d0,0x00000000a3900000)
 Metaspace       used 29984K, capacity 30430K, committed 30592K, reserved 1075200K
  class space    used 4189K, capacity 4354K, committed 4480K, reserved 1048576K
}
Event: 6.874 GC heap before
{Heap before GC invocations=9 (full 1):
 PSYoungGen      total 71680K, used 39759K [0x00000000e0000000, 0x00000000e7280000, 0x0000000100000000)
  eden space 61440K, 50% used [0x00000000e0000000,0x00000000e1e380a0,0x00000000e3c00000)
  from space 10240K, 86% used [0x00000000e3c00000,0x00000000e449beb0,0x00000000e4600000)
  to   space 10752K, 0% used [0x00000000e6800000,0x00000000e6800000,0x00000000e7280000)
 ParOldGen       total 58368K, used 10426K [0x00000000a0000000, 0x00000000a3900000, 0x00000000e0000000)
  object space 58368K, 17% used [0x00000000a0000000,0x00000000a0a2e8d0,0x00000000a3900000)
 Metaspace       used 34682K, capacity 35246K, committed 35416K, reserved 1079296K
  class space    used 4772K, capacity 4967K, committed 4992K, reserved 1048576K
Event: 6.883 GC heap after
Heap after GC invocations=9 (full 1):
 PSYoungGen      total 105472K, used 9846K [0x00000000e0000000, 0x00000000e7500000, 0x0000000100000000)
  eden space 94720K, 0% used [0x00000000e0000000,0x00000000e0000000,0x00000000e5c80000)
  from space 10752K, 91% used [0x00000000e6800000,0x00000000e719d8e0,0x00000000e7280000)
  to   space 11776K, 0% used [0x00000000e5c80000,0x00000000e5c80000,0x00000000e6800000)
 ParOldGen       total 58368K, used 10434K [0x00000000a0000000, 0x00000000a3900000, 0x00000000e0000000)
  object space 58368K, 17% used [0x00000000a0000000,0x00000000a0a308d0,0x00000000a3900000)
 Metaspace       used 34682K, capacity 35246K, committed 35416K, reserved 1079296K
  class space    used 4772K, capacity 4967K, committed 4992K, reserved 1048576K
}
Event: 6.883 GC heap before
{Heap before GC invocations=10 (full 2):
 PSYoungGen      total 105472K, used 9846K [0x00000000e0000000, 0x00000000e7500000, 0x0000000100000000)
  eden space 94720K, 0% used [0x00000000e0000000,0x00000000e0000000,0x00000000e5c80000)
  from space 10752K, 91% used [0x00000000e6800000,0x00000000e719d8e0,0x00000000e7280000)
  to   space 11776K, 0% used [0x00000000e5c80000,0x00000000e5c80000,0x00000000e6800000)
 ParOldGen       total 58368K, used 10434K [0x00000000a0000000, 0x00000000a3900000, 0x00000000e0000000)
  object space 58368K, 17% used [0x00000000a0000000,0x00000000a0a308d0,0x00000000a3900000)
 Metaspace       used 34682K, capacity 35246K, committed 35416K, reserved 1079296K
  class space    used 4772K, capacity 4967K, committed 4992K, reserved 1048576K
Event: 6.970 GC heap after
Heap after GC invocations=10 (full 2):
 PSYoungGen      total 105472K, used 0K [0x00000000e0000000, 0x00000000e7500000, 0x0000000100000000)
  eden space 94720K, 0% used [0x00000000e0000000,0x00000000e0000000,0x00000000e5c80000)
  from space 10752K, 0% used [0x00000000e6800000,0x00000000e6800000,0x00000000e7280000)
  to   space 11776K, 0% used [0x00000000e5c80000,0x00000000e5c80000,0x00000000e6800000)
 ParOldGen       total 92672K, used 16424K [0x00000000a0000000, 0x00000000a5a80000, 0x00000000e0000000)
  object space 92672K, 17% used [0x00000000a0000000,0x00000000a100a280,0x00000000a5a80000)
 Metaspace       used 34682K, capacity 35246K, committed 35416K, reserved 1079296K
  class space    used 4772K, capacity 4967K, committed 4992K, reserved 1048576K
}

