# JRE version: OpenJDK Runtime Environment (8.0_152-b02) (build 1.8.0_152-release-1024-b02)
# Java VM: OpenJDK 64-Bit Server VM (25.152-b02 mixed mode windows-amd64 compressed oops)
Heap:
 PSYoungGen      total 145920K, used 98015K [0x00000000e0000000, 0x00000000ece00000, 0x0000000100000000)
  eden space 105984K, 59% used [0x00000000e0000000,0x00000000e3dc7130,0x00000000e6780000)
  from space 39936K, 87% used [0x00000000e9280000,0x00000000eb470ca8,0x00000000eb980000)
  to   space 44032K, 0% used [0x00000000e6780000,0x00000000e6780000,0x00000000e9280000)
 ParOldGen       total 166912K, used 49369K [0x00000000a0000000, 0x00000000aa300000, 0x00000000e0000000)
  object space 166912K, 29% used [0x00000000a0000000,0x00000000a3036588,0x00000000aa300000)
 Metaspace       used 80479K, capacity 83473K, committed 83732K, reserved 1122304K
  class space    used 10356K, capacity 11049K, committed 11068K, reserved 1048576K
GC Heap History (10 events):
Event: 1189.854 GC heap before
{Heap before GC invocations=31 (full 3):
 PSYoungGen      total 135680K, used 135539K [0x00000000e0000000, 0x00000000ea680000, 0x0000000100000000)
  eden space 121344K, 100% used [0x00000000e0000000,0x00000000e7680000,0x00000000e7680000)
  from space 14336K, 99% used [0x00000000e7980000,0x00000000e875ce30,0x00000000e8780000)
  to   space 24576K, 0% used [0x00000000e8e80000,0x00000000e8e80000,0x00000000ea680000)
 ParOldGen       total 166912K, used 46924K [0x00000000a0000000, 0x00000000aa300000, 0x00000000e0000000)
  object space 166912K, 28% used [0x00000000a0000000,0x00000000a2dd3318,0x00000000aa300000)
 Metaspace       used 72933K, capacity 75251K, committed 75540K, reserved 1114112K
  class space    used 9431K, capacity 9984K, committed 10044K, reserved 1048576K
Event: 1189.897 GC heap after
Heap after GC invocations=31 (full 3):
 PSYoungGen      total 143360K, used 21151K [0x00000000e0000000, 0x00000000ea900000, 0x0000000100000000)
  eden space 118784K, 0% used [0x00000000e0000000,0x00000000e0000000,0x00000000e7400000)
  from space 24576K, 86% used [0x00000000e8e80000,0x00000000ea327c68,0x00000000ea680000)
  to   space 27136K, 0% used [0x00000000e7400000,0x00000000e7400000,0x00000000e8e80000)
 ParOldGen       total 166912K, used 46932K [0x00000000a0000000, 0x00000000aa300000, 0x00000000e0000000)
  object space 166912K, 28% used [0x00000000a0000000,0x00000000a2dd5318,0x00000000aa300000)
 Metaspace       used 72933K, capacity 75251K, committed 75540K, reserved 1114112K
  class space    used 9431K, capacity 9984K, committed 10044K, reserved 1048576K
}
Event: 1202.005 GC heap before
{Heap before GC invocations=32 (full 3):
 PSYoungGen      total 143360K, used 139935K [0x00000000e0000000, 0x00000000ea900000, 0x0000000100000000)
  eden space 118784K, 100% used [0x00000000e0000000,0x00000000e7400000,0x00000000e7400000)
  from space 24576K, 86% used [0x00000000e8e80000,0x00000000ea327c68,0x00000000ea680000)
  to   space 27136K, 0% used [0x00000000e7400000,0x00000000e7400000,0x00000000e8e80000)
 ParOldGen       total 166912K, used 46932K [0x00000000a0000000, 0x00000000aa300000, 0x00000000e0000000)
  object space 166912K, 28% used [0x00000000a0000000,0x00000000a2dd5318,0x00000000aa300000)
 Metaspace       used 75847K, capacity 78557K, committed 78740K, reserved 1118208K
  class space    used 9780K, capacity 10409K, committed 10428K, reserved 1048576K
Event: 1202.035 GC heap after
Heap after GC invocations=32 (full 3):
 PSYoungGen      total 143360K, used 27131K [0x00000000e0000000, 0x00000000eaf80000, 0x0000000100000000)
  eden space 116224K, 0% used [0x00000000e0000000,0x00000000e0000000,0x00000000e7180000)
  from space 27136K, 99% used [0x00000000e7400000,0x00000000e8e7ef88,0x00000000e8e80000)
  to   space 31744K, 0% used [0x00000000e9080000,0x00000000e9080000,0x00000000eaf80000)
 ParOldGen       total 166912K, used 49345K [0x00000000a0000000, 0x00000000aa300000, 0x00000000e0000000)
  object space 166912K, 29% used [0x00000000a0000000,0x00000000a3030588,0x00000000aa300000)
 Metaspace       used 75847K, capacity 78557K, committed 78740K, reserved 1118208K
  class space    used 9780K, capacity 10409K, committed 10428K, reserved 1048576K
}
Event: 1696.342 GC heap before
{Heap before GC invocations=33 (full 3):
 PSYoungGen      total 143360K, used 143355K [0x00000000e0000000, 0x00000000eaf80000, 0x0000000100000000)
  eden space 116224K, 100% used [0x00000000e0000000,0x00000000e7180000,0x00000000e7180000)
  from space 27136K, 99% used [0x00000000e7400000,0x00000000e8e7ef88,0x00000000e8e80000)
  to   space 31744K, 0% used [0x00000000e9080000,0x00000000e9080000,0x00000000eaf80000)
 ParOldGen       total 166912K, used 49345K [0x00000000a0000000, 0x00000000aa300000, 0x00000000e0000000)
  object space 166912K, 29% used [0x00000000a0000000,0x00000000a3030588,0x00000000aa300000)
 Metaspace       used 77936K, capacity 80785K, committed 81044K, reserved 1120256K
  class space    used 10003K, capacity 10665K, committed 10684K, reserved 1048576K
Event: 1696.392 GC heap after
Heap after GC invocations=33 (full 3):
 PSYoungGen      total 144384K, used 29036K [0x00000000e0000000, 0x00000000eb400000, 0x0000000100000000)
  eden space 112640K, 0% used [0x00000000e0000000,0x00000000e0000000,0x00000000e6e00000)
  from space 31744K, 91% used [0x00000000e9080000,0x00000000eacdb2a8,0x00000000eaf80000)
  to   space 35328K, 0% used [0x00000000e6e00000,0x00000000e6e00000,0x00000000e9080000)
 ParOldGen       total 166912K, used 49353K [0x00000000a0000000, 0x00000000aa300000, 0x00000000e0000000)
  object space 166912K, 29% used [0x00000000a0000000,0x00000000a3032588,0x00000000aa300000)
 Metaspace       used 77936K, capacity 80785K, committed 81044K, reserved 1120256K
  class space    used 10003K, capacity 10665K, committed 10684K, reserved 1048576K
}
Event: 1707.516 GC heap before
{Heap before GC invocations=34 (full 3):
 PSYoungGen      total 144384K, used 141676K [0x00000000e0000000, 0x00000000eb400000, 0x0000000100000000)
  eden space 112640K, 100% used [0x00000000e0000000,0x00000000e6e00000,0x00000000e6e00000)
  from space 31744K, 91% used [0x00000000e9080000,0x00000000eacdb2a8,0x00000000eaf80000)
  to   space 35328K, 0% used [0x00000000e6e00000,0x00000000e6e00000,0x00000000e9080000)
 ParOldGen       total 166912K, used 49353K [0x00000000a0000000, 0x00000000aa300000, 0x00000000e0000000)
  object space 166912K, 29% used [0x00000000a0000000,0x00000000a3032588,0x00000000aa300000)
 Metaspace       used 78526K, capacity 81521K, committed 81684K, reserved 1120256K
  class space    used 10066K, capacity 10765K, committed 10812K, reserved 1048576K
Event: 1707.559 GC heap after
Heap after GC invocations=34 (full 3):
 PSYoungGen      total 145408K, used 32495K [0x00000000e0000000, 0x00000000eb980000, 0x0000000100000000)
  eden space 110080K, 0% used [0x00000000e0000000,0x00000000e0000000,0x00000000e6b80000)
  from space 35328K, 91% used [0x00000000e6e00000,0x00000000e8dbbcd0,0x00000000e9080000)
  to   space 39936K, 0% used [0x00000000e9280000,0x00000000e9280000,0x00000000eb980000)
 ParOldGen       total 166912K, used 49361K [0x00000000a0000000, 0x00000000aa300000, 0x00000000e0000000)
  object space 166912K, 29% used [0x00000000a0000000,0x00000000a3034588,0x00000000aa300000)
 Metaspace       used 78526K, capacity 81521K, committed 81684K, reserved 1120256K
  class space    used 10066K, capacity 10765K, committed 10812K, reserved 1048576K
}
Event: 1709.415 GC heap before
{Heap before GC invocations=35 (full 3):
 PSYoungGen      total 145408K, used 142575K [0x00000000e0000000, 0x00000000eb980000, 0x0000000100000000)
  eden space 110080K, 100% used [0x00000000e0000000,0x00000000e6b80000,0x00000000e6b80000)
  from space 35328K, 91% used [0x00000000e6e00000,0x00000000e8dbbcd0,0x00000000e9080000)
  to   space 39936K, 0% used [0x00000000e9280000,0x00000000e9280000,0x00000000eb980000)
 ParOldGen       total 166912K, used 49361K [0x00000000a0000000, 0x00000000aa300000, 0x00000000e0000000)
  object space 166912K, 29% used [0x00000000a0000000,0x00000000a3034588,0x00000000aa300000)
 Metaspace       used 78527K, capacity 81521K, committed 81684K, reserved 1120256K
  class space    used 10066K, capacity 10765K, committed 10812K, reserved 1048576K
Event: 1709.468 GC heap after
Heap after GC invocations=35 (full 3):
 PSYoungGen      total 145920K, used 34755K [0x00000000e0000000, 0x00000000ece00000, 0x0000000100000000)
  eden space 105984K, 0% used [0x00000000e0000000,0x00000000e0000000,0x00000000e6780000)
  from space 39936K, 87% used [0x00000000e9280000,0x00000000eb470ca8,0x00000000eb980000)
  to   space 44032K, 0% used [0x00000000e6780000,0x00000000e6780000,0x00000000e9280000)
 ParOldGen       total 166912K, used 49369K [0x00000000a0000000, 0x00000000aa300000, 0x00000000e0000000)
  object space 166912K, 29% used [0x00000000a0000000,0x00000000a3036588,0x00000000aa300000)
 Metaspace       used 78527K, capacity 81521K, committed 81684K, reserved 1120256K
  class space    used 10066K, capacity 10765K, committed 10812K, reserved 1048576K
}

