# JRE version: OpenJDK Runtime Environment (8.0_152-b02) (build 1.8.0_152-release-1024-b02)
# Java VM: OpenJDK 64-Bit Server VM (25.152-b02 mixed mode windows-amd64 compressed oops)
Heap:
 PSYoungGen      total 107520K, used 41980K [0x00000000e0000000, 0x00000000e7980000, 0x0000000100000000)
  eden space 96768K, 43% used [0x00000000e0000000,0x00000000e28ff250,0x00000000e5e80000)
  from space 10752K, 0% used [0x00000000e6980000,0x00000000e6980000,0x00000000e7400000)
  to   space 11264K, 0% used [0x00000000e5e80000,0x00000000e5e80000,0x00000000e6980000)
 ParOldGen       total 58368K, used 27912K [0x00000000a0000000, 0x00000000a3900000, 0x00000000e0000000)
  object space 58368K, 47% used [0x00000000a0000000,0x00000000a1b422a8,0x00000000a3900000)
 Metaspace       used 51620K, capacity 53079K, committed 53208K, reserved 1095680K
  class space    used 7038K, capacity 7401K, committed 7424K, reserved 1048576K
GC Heap History (10 events):
Event: 6.857 GC heap before
{Heap before GC invocations=9 (full 1):
 PSYoungGen      total 71680K, used 39983K [0x00000000e0000000, 0x00000000e7400000, 0x0000000100000000)
  eden space 61952K, 50% used [0x00000000e0000000,0x00000000e1e83df8,0x00000000e3c80000)
  from space 9728K, 89% used [0x00000000e3c80000,0x00000000e4507fe0,0x00000000e4600000)
  to   space 10752K, 0% used [0x00000000e6980000,0x00000000e6980000,0x00000000e7400000)
 ParOldGen       total 58368K, used 10114K [0x00000000a0000000, 0x00000000a3900000, 0x00000000e0000000)
  object space 58368K, 17% used [0x00000000a0000000,0x00000000a09e0b00,0x00000000a3900000)
 Metaspace       used 34797K, capacity 35272K, committed 35416K, reserved 1079296K
  class space    used 4763K, capacity 4946K, committed 4992K, reserved 1048576K
Event: 6.896 GC heap after
Heap after GC invocations=9 (full 1):
 PSYoungGen      total 107520K, used 9905K [0x00000000e0000000, 0x00000000e7980000, 0x0000000100000000)
  eden space 96768K, 0% used [0x00000000e0000000,0x00000000e0000000,0x00000000e5e80000)
  from space 10752K, 92% used [0x00000000e6980000,0x00000000e732c428,0x00000000e7400000)
  to   space 11264K, 0% used [0x00000000e5e80000,0x00000000e5e80000,0x00000000e6980000)
 ParOldGen       total 58368K, used 10114K [0x00000000a0000000, 0x00000000a3900000, 0x00000000e0000000)
  object space 58368K, 17% used [0x00000000a0000000,0x00000000a09e0b00,0x00000000a3900000)
 Metaspace       used 34797K, capacity 35272K, committed 35416K, reserved 1079296K
  class space    used 4763K, capacity 4946K, committed 4992K, reserved 1048576K
}
Event: 6.897 GC heap before
{Heap before GC invocations=10 (full 2):
 PSYoungGen      total 107520K, used 9905K [0x00000000e0000000, 0x00000000e7980000, 0x0000000100000000)
  eden space 96768K, 0% used [0x00000000e0000000,0x00000000e0000000,0x00000000e5e80000)
  from space 10752K, 92% used [0x00000000e6980000,0x00000000e732c428,0x00000000e7400000)
  to   space 11264K, 0% used [0x00000000e5e80000,0x00000000e5e80000,0x00000000e6980000)
 ParOldGen       total 58368K, used 10114K [0x00000000a0000000, 0x00000000a3900000, 0x00000000e0000000)
  object space 58368K, 17% used [0x00000000a0000000,0x00000000a09e0b00,0x00000000a3900000)
 Metaspace       used 34797K, capacity 35272K, committed 35416K, reserved 1079296K
  class space    used 4763K, capacity 4946K, committed 4992K, reserved 1048576K
Event: 7.058 GC heap after
Heap after GC invocations=10 (full 2):
 PSYoungGen      total 107520K, used 0K [0x00000000e0000000, 0x00000000e7980000, 0x0000000100000000)
  eden space 96768K, 0% used [0x00000000e0000000,0x00000000e0000000,0x00000000e5e80000)
  from space 10752K, 0% used [0x00000000e6980000,0x00000000e6980000,0x00000000e7400000)
  to   space 11264K, 0% used [0x00000000e5e80000,0x00000000e5e80000,0x00000000e6980000)
 ParOldGen       total 58368K, used 16605K [0x00000000a0000000, 0x00000000a3900000, 0x00000000e0000000)
  object space 58368K, 28% used [0x00000000a0000000,0x00000000a1037480,0x00000000a3900000)
 Metaspace       used 34797K, capacity 35272K, committed 35416K, reserved 1079296K
  class space    used 4763K, capacity 4946K, committed 4992K, reserved 1048576K
}
Event: 8.253 GC heap before
{Heap before GC invocations=11 (full 2):
 PSYoungGen      total 107520K, used 96768K [0x00000000e0000000, 0x00000000e7980000, 0x0000000100000000)
  eden space 96768K, 100% used [0x00000000e0000000,0x00000000e5e80000,0x00000000e5e80000)
  from space 10752K, 0% used [0x00000000e6980000,0x00000000e6980000,0x00000000e7400000)
  to   space 11264K, 0% used [0x00000000e5e80000,0x00000000e5e80000,0x00000000e6980000)
 ParOldGen       total 58368K, used 16605K [0x00000000a0000000, 0x00000000a3900000, 0x00000000e0000000)
  object space 58368K, 28% used [0x00000000a0000000,0x00000000a1037480,0x00000000a3900000)
 Metaspace       used 40575K, capacity 41220K, committed 41560K, reserved 1085440K
  class space    used 5491K, capacity 5742K, committed 5760K, reserved 1048576K
Event: 8.267 GC heap after
Heap after GC invocations=11 (full 2):
 PSYoungGen      total 108032K, used 10510K [0x00000000e0000000, 0x00000000e7980000, 0x0000000100000000)
  eden space 96768K, 0% used [0x00000000e0000000,0x00000000e0000000,0x00000000e5e80000)
  from space 11264K, 93% used [0x00000000e5e80000,0x00000000e68c3bf0,0x00000000e6980000)
  to   space 10752K, 0% used [0x00000000e6980000,0x00000000e6980000,0x00000000e7400000)
 ParOldGen       total 58368K, used 16613K [0x00000000a0000000, 0x00000000a3900000, 0x00000000e0000000)
  object space 58368K, 28% used [0x00000000a0000000,0x00000000a1039480,0x00000000a3900000)
 Metaspace       used 40575K, capacity 41220K, committed 41560K, reserved 1085440K
  class space    used 5491K, capacity 5742K, committed 5760K, reserved 1048576K
}
Event: 9.829 GC heap before
{Heap before GC invocations=12 (full 2):
 PSYoungGen      total 108032K, used 97979K [0x00000000e0000000, 0x00000000e7980000, 0x0000000100000000)
  eden space 96768K, 90% used [0x00000000e0000000,0x00000000e556b370,0x00000000e5e80000)
  from space 11264K, 93% used [0x00000000e5e80000,0x00000000e68c3bf0,0x00000000e6980000)
  to   space 10752K, 0% used [0x00000000e6980000,0x00000000e6980000,0x00000000e7400000)
 ParOldGen       total 58368K, used 16613K [0x00000000a0000000, 0x00000000a3900000, 0x00000000e0000000)
  object space 58368K, 28% used [0x00000000a0000000,0x00000000a1039480,0x00000000a3900000)
 Metaspace       used 48798K, capacity 49869K, committed 50008K, reserved 1095680K
  class space    used 6593K, capacity 6914K, committed 7040K, reserved 1048576K
Event: 9.848 GC heap after
Heap after GC invocations=12 (full 2):
 PSYoungGen      total 107520K, used 10739K [0x00000000e0000000, 0x00000000e7980000, 0x0000000100000000)
  eden space 96768K, 0% used [0x00000000e0000000,0x00000000e0000000,0x00000000e5e80000)
  from space 10752K, 99% used [0x00000000e6980000,0x00000000e73fce58,0x00000000e7400000)
  to   space 11264K, 0% used [0x00000000e5e80000,0x00000000e5e80000,0x00000000e6980000)
 ParOldGen       total 58368K, used 20519K [0x00000000a0000000, 0x00000000a3900000, 0x00000000e0000000)
  object space 58368K, 35% used [0x00000000a0000000,0x00000000a1409fa8,0x00000000a3900000)
 Metaspace       used 48798K, capacity 49869K, committed 50008K, reserved 1095680K
  class space    used 6593K, capacity 6914K, committed 7040K, reserved 1048576K
}
Event: 9.848 GC heap before
{Heap before GC invocations=13 (full 3):
 PSYoungGen      total 107520K, used 10739K [0x00000000e0000000, 0x00000000e7980000, 0x0000000100000000)
  eden space 96768K, 0% used [0x00000000e0000000,0x00000000e0000000,0x00000000e5e80000)
  from space 10752K, 99% used [0x00000000e6980000,0x00000000e73fce58,0x00000000e7400000)
  to   space 11264K, 0% used [0x00000000e5e80000,0x00000000e5e80000,0x00000000e6980000)
 ParOldGen       total 58368K, used 20519K [0x00000000a0000000, 0x00000000a3900000, 0x00000000e0000000)
  object space 58368K, 35% used [0x00000000a0000000,0x00000000a1409fa8,0x00000000a3900000)
 Metaspace       used 48798K, capacity 49869K, committed 50008K, reserved 1095680K
  class space    used 6593K, capacity 6914K, committed 7040K, reserved 1048576K
Event: 10.056 GC heap after
Heap after GC invocations=13 (full 3):
 PSYoungGen      total 107520K, used 0K [0x00000000e0000000, 0x00000000e7980000, 0x0000000100000000)
  eden space 96768K, 0% used [0x00000000e0000000,0x00000000e0000000,0x00000000e5e80000)
  from space 10752K, 0% used [0x00000000e6980000,0x00000000e6980000,0x00000000e7400000)
  to   space 11264K, 0% used [0x00000000e5e80000,0x00000000e5e80000,0x00000000e6980000)
 ParOldGen       total 58368K, used 27912K [0x00000000a0000000, 0x00000000a3900000, 0x00000000e0000000)
  object space 58368K, 47% used [0x00000000a0000000,0x00000000a1b422a8,0x00000000a3900000)
 Metaspace       used 48798K, capacity 49869K, committed 50008K, reserved 1093632K
  class space    used 6593K, capacity 6914K, committed 7040K, reserved 1048576K
}

